<?xml version="1.0" encoding="UTF-8"?>
<!-- Generated by org.testng.reporters.JUnitReportReporter -->
<testsuite hostname="Sathishs-MBP" name="com.test.webservice.freelance.WebServiceClient" tests="1" failures="0" timestamp="7 Nov 2016 07:27:06 GMT" time="11.175" errors="0">
  <testcase name="testWeatherServiceByZipCode" time="11.175" classname="com.test.webservice.freelance.WebServiceClient"/>
</testsuite> <!-- com.test.webservice.freelance.WebServiceClient -->
